<?xml version="1.0" encoding="UTF-8"?>
<testsuite xmlns:xsi="http://www.w3.org/2001/XMLSchema-instance" xsi:noNamespaceSchemaLocation="https://maven.apache.org/surefire/maven-surefire-plugin/xsd/surefire-test-report.xsd" name="com.falcontech.console.TestHomePage" time="2.658" tests="1" errors="0" skipped="0" failures="0">
  <properties>
    <property name="sun.desktop" value="windows"/>
    <property name="awt.toolkit" value="sun.awt.windows.WToolkit"/>
    <property name="file.encoding.pkg" value="sun.io"/>
    <property name="java.specification.version" value="1.8"/>
    <property name="sun.cpu.isalist" value="amd64"/>
    <property name="sun.jnu.encoding" value="Cp1252"/>
    <property name="java.class.path" value="C:\Users\Ricado Osorio Soto\DesignPatterns\NatasAndIProj\MasterProject\ConsoleAdministration\target\test-classes;C:\Users\Ricado Osorio Soto\DesignPatterns\NatasAndIProj\MasterProject\ConsoleAdministration\target\classes;C:\Users\Ricado Osorio Soto\.m2\repository\org\apache\wicket\wicket-core\8.5.0\wicket-core-8.5.0.jar;C:\Users\Ricado Osorio Soto\.m2\repository\com\github\openjson\openjson\1.0.10\openjson-1.0.10.jar;C:\Users\Ricado Osorio Soto\.m2\repository\org\apache\wicket\wicket-request\8.5.0\wicket-request-8.5.0.jar;C:\Users\Ricado Osorio Soto\.m2\repository\org\apache\wicket\wicket-util\8.5.0\wicket-util-8.5.0.jar;C:\Users\Ricado Osorio Soto\.m2\repository\commons-fileupload\commons-fileupload\1.4\commons-fileupload-1.4.jar;C:\Users\Ricado Osorio Soto\.m2\repository\commons-io\commons-io\2.6\commons-io-2.6.jar;C:\Users\Ricado Osorio Soto\.m2\repository\org\apache\commons\commons-collections4\4.3\commons-collections4-4.3.jar;C:\Users\Ricado Osorio Soto\.m2\repository\org\danekja\jdk-serializable-functional\1.8.5\jdk-serializable-functional-1.8.5.jar;C:\Users\Ricado Osorio Soto\.m2\repository\org\slf4j\slf4j-api\1.7.26\slf4j-api-1.7.26.jar;C:\Users\Ricado Osorio Soto\.m2\repository\org\slf4j\slf4j-simple\1.7.26\slf4j-simple-1.7.26.jar;C:\Users\Ricado Osorio Soto\.m2\repository\junit\junit\4.12\junit-4.12.jar;C:\Users\Ricado Osorio Soto\.m2\repository\org\hamcrest\hamcrest-core\1.3\hamcrest-core-1.3.jar;C:\Users\Ricado Osorio Soto\.m2\repository\org\eclipse\jetty\jetty-webapp\9.4.18.v20190429\jetty-webapp-9.4.18.v20190429.jar;C:\Users\Ricado Osorio Soto\.m2\repository\org\eclipse\jetty\jetty-xml\9.4.18.v20190429\jetty-xml-9.4.18.v20190429.jar;C:\Users\Ricado Osorio Soto\.m2\repository\org\eclipse\jetty\jetty-servlet\9.4.18.v20190429\jetty-servlet-9.4.18.v20190429.jar;C:\Users\Ricado Osorio Soto\.m2\repository\org\eclipse\jetty\jetty-security\9.4.18.v20190429\jetty-security-9.4.18.v20190429.jar;C:\Users\Ricado Osorio Soto\.m2\repository\org\eclipse\jetty\jetty-server\9.4.18.v20190429\jetty-server-9.4.18.v20190429.jar;C:\Users\Ricado Osorio Soto\.m2\repository\javax\servlet\javax.servlet-api\3.1.0\javax.servlet-api-3.1.0.jar;C:\Users\Ricado Osorio Soto\.m2\repository\org\eclipse\jetty\jetty-http\9.4.18.v20190429\jetty-http-9.4.18.v20190429.jar;C:\Users\Ricado Osorio Soto\.m2\repository\org\eclipse\jetty\jetty-io\9.4.18.v20190429\jetty-io-9.4.18.v20190429.jar;C:\Users\Ricado Osorio Soto\.m2\repository\org\eclipse\jetty\jetty-jmx\9.4.18.v20190429\jetty-jmx-9.4.18.v20190429.jar;C:\Users\Ricado Osorio Soto\.m2\repository\org\eclipse\jetty\jetty-util\9.4.18.v20190429\jetty-util-9.4.18.v20190429.jar;"/>
    <property name="java.vm.vendor" value="Oracle Corporation"/>
    <property name="sun.arch.data.model" value="64"/>
    <property name="user.variant" value=""/>
    <property name="java.vendor.url" value="http://java.oracle.com/"/>
    <property name="user.timezone" value="America/La_Paz"/>
    <property name="java.vm.specification.version" value="1.8"/>
    <property name="os.name" value="Windows 10"/>
    <property name="user.country" value="US"/>
    <property name="sun.java.launcher" value="SUN_STANDARD"/>
    <property name="sun.boot.library.path" value="C:\Program Files\Java\jdk1.8.0_172\jre\bin"/>
    <property name="sun.java.command" value="C:\Users\RICADO~1\AppData\Local\Temp\surefire1434552333208397400\surefirebooter4970516289548968585.jar C:\Users\Ricado Osorio Soto\AppData\Local\Temp\surefire1434552333208397400 2019-07-11T21-07-49_355-jvmRun1 surefire6848852001514045627tmp surefire_03159511984812826247tmp"/>
    <property name="surefire.test.class.path" value="C:\Users\Ricado Osorio Soto\DesignPatterns\NatasAndIProj\MasterProject\ConsoleAdministration\target\test-classes;C:\Users\Ricado Osorio Soto\DesignPatterns\NatasAndIProj\MasterProject\ConsoleAdministration\target\classes;C:\Users\Ricado Osorio Soto\.m2\repository\org\apache\wicket\wicket-core\8.5.0\wicket-core-8.5.0.jar;C:\Users\Ricado Osorio Soto\.m2\repository\com\github\openjson\openjson\1.0.10\openjson-1.0.10.jar;C:\Users\Ricado Osorio Soto\.m2\repository\org\apache\wicket\wicket-request\8.5.0\wicket-request-8.5.0.jar;C:\Users\Ricado Osorio Soto\.m2\repository\org\apache\wicket\wicket-util\8.5.0\wicket-util-8.5.0.jar;C:\Users\Ricado Osorio Soto\.m2\repository\commons-fileupload\commons-fileupload\1.4\commons-fileupload-1.4.jar;C:\Users\Ricado Osorio Soto\.m2\repository\commons-io\commons-io\2.6\commons-io-2.6.jar;C:\Users\Ricado Osorio Soto\.m2\repository\org\apache\commons\commons-collections4\4.3\commons-collections4-4.3.jar;C:\Users\Ricado Osorio Soto\.m2\repository\org\danekja\jdk-serializable-functional\1.8.5\jdk-serializable-functional-1.8.5.jar;C:\Users\Ricado Osorio Soto\.m2\repository\org\slf4j\slf4j-api\1.7.26\slf4j-api-1.7.26.jar;C:\Users\Ricado Osorio Soto\.m2\repository\org\slf4j\slf4j-simple\1.7.26\slf4j-simple-1.7.26.jar;C:\Users\Ricado Osorio Soto\.m2\repository\junit\junit\4.12\junit-4.12.jar;C:\Users\Ricado Osorio Soto\.m2\repository\org\hamcrest\hamcrest-core\1.3\hamcrest-core-1.3.jar;C:\Users\Ricado Osorio Soto\.m2\repository\org\eclipse\jetty\jetty-webapp\9.4.18.v20190429\jetty-webapp-9.4.18.v20190429.jar;C:\Users\Ricado Osorio Soto\.m2\repository\org\eclipse\jetty\jetty-xml\9.4.18.v20190429\jetty-xml-9.4.18.v20190429.jar;C:\Users\Ricado Osorio Soto\.m2\repository\org\eclipse\jetty\jetty-servlet\9.4.18.v20190429\jetty-servlet-9.4.18.v20190429.jar;C:\Users\Ricado Osorio Soto\.m2\repository\org\eclipse\jetty\jetty-security\9.4.18.v20190429\jetty-security-9.4.18.v20190429.jar;C:\Users\Ricado Osorio Soto\.m2\repository\org\eclipse\jetty\jetty-server\9.4.18.v20190429\jetty-server-9.4.18.v20190429.jar;C:\Users\Ricado Osorio Soto\.m2\repository\javax\servlet\javax.servlet-api\3.1.0\javax.servlet-api-3.1.0.jar;C:\Users\Ricado Osorio Soto\.m2\repository\org\eclipse\jetty\jetty-http\9.4.18.v20190429\jetty-http-9.4.18.v20190429.jar;C:\Users\Ricado Osorio Soto\.m2\repository\org\eclipse\jetty\jetty-io\9.4.18.v20190429\jetty-io-9.4.18.v20190429.jar;C:\Users\Ricado Osorio Soto\.m2\repository\org\eclipse\jetty\jetty-jmx\9.4.18.v20190429\jetty-jmx-9.4.18.v20190429.jar;C:\Users\Ricado Osorio Soto\.m2\repository\org\eclipse\jetty\jetty-util\9.4.18.v20190429\jetty-util-9.4.18.v20190429.jar;"/>
    <property name="sun.cpu.endian" value="little"/>
    <property name="user.home" value="C:\Users\Ricado Osorio Soto"/>
    <property name="user.language" value="en"/>
    <property name="java.specification.vendor" value="Oracle Corporation"/>
    <property name="java.home" value="C:\Program Files\Java\jdk1.8.0_172\jre"/>
    <property name="basedir" value="C:\Users\Ricado Osorio Soto\DesignPatterns\NatasAndIProj\MasterProject\ConsoleAdministration"/>
    <property name="file.separator" value="\"/>
    <property name="line.separator" value="&#10;"/>
    <property name="java.vm.specification.vendor" value="Oracle Corporation"/>
    <property name="java.specification.name" value="Java Platform API Specification"/>
    <property name="java.awt.graphicsenv" value="sun.awt.Win32GraphicsEnvironment"/>
    <property name="surefire.real.class.path" value="C:\Users\RICADO~1\AppData\Local\Temp\surefire1434552333208397400\surefirebooter4970516289548968585.jar"/>
    <property name="sun.boot.class.path" value="C:\Program Files\Java\jdk1.8.0_172\jre\lib\resources.jar;C:\Program Files\Java\jdk1.8.0_172\jre\lib\rt.jar;C:\Program Files\Java\jdk1.8.0_172\jre\lib\sunrsasign.jar;C:\Program Files\Java\jdk1.8.0_172\jre\lib\jsse.jar;C:\Program Files\Java\jdk1.8.0_172\jre\lib\jce.jar;C:\Program Files\Java\jdk1.8.0_172\jre\lib\charsets.jar;C:\Program Files\Java\jdk1.8.0_172\jre\lib\jfr.jar;C:\Program Files\Java\jdk1.8.0_172\jre\classes"/>
    <property name="user.script" value=""/>
    <property name="sun.management.compiler" value="HotSpot 64-Bit Tiered Compilers"/>
    <property name="java.runtime.version" value="1.8.0_172-b11"/>
    <property name="user.name" value="Ricardo Osorio Soto"/>
    <property name="path.separator" value=";"/>
    <property name="os.version" value="10.0"/>
    <property name="java.endorsed.dirs" value="C:\Program Files\Java\jdk1.8.0_172\jre\lib\endorsed"/>
    <property name="java.runtime.name" value="Java(TM) SE Runtime Environment"/>
    <property name="file.encoding" value="Cp1252"/>
    <property name="java.vm.name" value="Java HotSpot(TM) 64-Bit Server VM"/>
    <property name="localRepository" value="C:\Users\Ricado Osorio Soto\.m2\repository"/>
    <property name="java.vendor.url.bug" value="http://bugreport.sun.com/bugreport/"/>
    <property name="java.io.tmpdir" value="C:\Users\RICADO~1\AppData\Local\Temp\"/>
    <property name="java.version" value="1.8.0_172"/>
    <property name="user.dir" value="C:\Users\Ricado Osorio Soto\DesignPatterns\NatasAndIProj\MasterProject\ConsoleAdministration"/>
    <property name="os.arch" value="amd64"/>
    <property name="java.vm.specification.name" value="Java Virtual Machine Specification"/>
    <property name="java.awt.printerjob" value="sun.awt.windows.WPrinterJob"/>
    <property name="sun.os.patch.level" value=""/>
    <property name="java.library.path" value="C:\Program Files\Java\jdk1.8.0_172\jre\bin;C:\WINDOWS\Sun\Java\bin;C:\WINDOWS\system32;C:\WINDOWS;C:\ProgramData\Oracle\Java\javapath;C:\Program Files (x86)\Intel\iCLS Client\;C:\Program Files\Intel\iCLS Client\;C:\WINDOWS\system32;C:\WINDOWS;C:\WINDOWS\System32\Wbem;C:\WINDOWS\System32\WindowsPowerShell\v1.0\;C:\Program Files (x86)\Intel\Intel(R) Management Engine Components\DAL;C:\Program Files\Intel\Intel(R) Management Engine Components\DAL;C:\Program Files (x86)\Intel\Intel(R) Management Engine Components\IPT;C:\Program Files\Intel\Intel(R) Management Engine Components\IPT;C:\WINDOWS\System32\OpenSSH\;C:\Program Files\nodejs\;C:\Program Files\Git\cmd;C:\Users\Ricado Osorio Soto\AppData\Local\Microsoft\WindowsApps;C:\Users\Ricado Osorio Soto\AppData\Roaming\npm;C:\Users\Ricado Osorio Soto\AppData\Local\Programs\Microsoft VS Code\bin;C:\Program Files\Java\jdk1.8.0_172\bin;C:\apache-maven-3.6.0\bin;;."/>
    <property name="java.vm.info" value="mixed mode"/>
    <property name="java.vendor" value="Oracle Corporation"/>
    <property name="java.vm.version" value="25.172-b11"/>
    <property name="java.ext.dirs" value="C:\Program Files\Java\jdk1.8.0_172\jre\lib\ext;C:\WINDOWS\Sun\Java\lib\ext"/>
    <property name="sun.io.unicode.encoding" value="UnicodeLittle"/>
    <property name="java.class.version" value="52.0"/>
  </properties>
  <testcase name="homepageRendersSuccessfully" classname="com.falcontech.console.TestHomePage" time="2.517"/>
</testsuite>